Arguments: 
  C:\Program Files\nodejs\node.exe C:\Program Files (x86)\Yarn\bin\yarn.js add native-base --save

PATH: 
  C:\Program Files (x86)\Common Files\Oracle\Java\javapath;C:\WINDOWS\system32;C:\WINDOWS;C:\WINDOWS\System32\Wbem;C:\WINDOWS\System32\WindowsPowerShell\v1.0\;C:\WINDOWS\System32\OpenSSH\;C:\Program Files\nodejs\;C:\ProgramData\chocolatey\bin;C:\Program Files\Common Files\Autodesk Shared\;C:\Program Files\Git\cmd;C:\Program Files\Microsoft SQL Server\120\Tools\Binn\;C:\Program Files (x86)\Yarn\bin\;C:\Users\Jyoti Rohatgi\AppData\Local\Programs\Python\Python37-32\Scripts\;C:\Users\Jyoti Rohatgi\AppData\Local\Programs\Python\Python37-32\;C:\Users\Jyoti Rohatgi\AppData\Local\Microsoft\WindowsApps;;C:\Users\Jyoti Rohatgi\AppData\Local\Programs\Microsoft VS Code\bin;C:\Users\Jyoti Rohatgi\AppData\Roaming\npm;C:\Program Files\heroku\bin;C:\Users\Jyoti Rohatgi\AppData\Local\Yarn\bin

Yarn version: 
  1.22.5

Node version: 
  12.14.1

Platform: 
  win32 x64

Trace: 
  Error: EPERM: operation not permitted, unlink 'C:\Users\Jyoti Rohatgi\Desktop\admissionMantra-1\admissionMantra-1\node_modules\@babel\plugin-external-helpers\lib'

npm manifest: 
  {
    "main": "node_modules/expo/AppEntry.js",
    "scripts": {
      "start": "expo start",
      "android": "expo start --android",
      "ios": "expo start --ios",
      "web": "expo start --web",
      "eject": "expo eject"
    },
    "dependencies": {
      "@react-native-community/masked-view": "0.1.10",
      "@react-navigation/native": "^5.7.4",
      "@react-navigation/stack": "^5.9.1",
      "expo": "~39.0.2",
      "expo-constants": "~9.2.0",
      "expo-file-system": "~9.2.0",
      "expo-font": "~8.3.0",
      "expo-linear-gradient": "~8.3.0",
      "expo-status-bar": "~1.0.2",
      "react": "16.13.1",
      "react-dom": "16.13.1",
      "react-native": "https://github.com/expo/react-native/archive/sdk-39.0.2.tar.gz",
      "react-native-gesture-handler": "~1.7.0",
      "react-native-reanimated": "~1.13.0",
      "react-native-safe-area-context": "3.1.4",
      "react-native-screens": "~2.10.1",
      "react-native-web": "~0.13.12",
      "react-native-webview": "10.7.0",
      "rn-pdf-reader-js": "^4.1.1"
    },
    "devDependencies": {
      "@babel/core": "~7.9.0"
    },
    "private": true
  }

yarn manifest: 
  No manifest

Lockfile: 
  No lockfile
